C:\USERS\PASCU\DOCUMENTS\VISUAL STUDIO 2012\PROJECTS\CUBORUBIK\CUBORUBIK\DEBUG\GLUI.OBJ
C:\USERS\PASCU\DOCUMENTS\VISUAL STUDIO 2012\PROJECTS\CUBORUBIK\CUBORUBIK\DEBUG\IMAGELOADER.OBJ
C:\USERS\PASCU\DOCUMENTS\VISUAL STUDIO 2012\PROJECTS\CUBORUBIK\CUBORUBIK\DEBUG\MAIN.OBJ
C:\USERS\PASCU\DOCUMENTS\VISUAL STUDIO 2012\PROJECTS\CUBORUBIK\CUBORUBIK\DEBUG\VC110.PDB
C:\USERS\PASCU\DOCUMENTS\VISUAL STUDIO 2012\PROJECTS\CUBORUBIK\DEBUG\CUBORUBIK.ILK
C:\USERS\PASCU\DOCUMENTS\VISUAL STUDIO 2012\PROJECTS\CUBORUBIK\DEBUG\CUBORUBIK.EXE
C:\USERS\PASCU\DOCUMENTS\VISUAL STUDIO 2012\PROJECTS\CUBORUBIK\DEBUG\CUBORUBIK.PDB
C:\Users\Pascu\documents\visual studio 2012\Projects\CuboRubik\CuboRubik\Debug\Glui.obj
C:\Users\Pascu\documents\visual studio 2012\Projects\CuboRubik\CuboRubik\Debug\imageloader.obj
C:\Users\Pascu\documents\visual studio 2012\Projects\CuboRubik\CuboRubik\Debug\Main.obj
C:\Users\Pascu\documents\visual studio 2012\Projects\CuboRubik\CuboRubik\Debug\cl.command.1.tlog
C:\Users\Pascu\documents\visual studio 2012\Projects\CuboRubik\CuboRubik\Debug\CL.read.1.tlog
C:\Users\Pascu\documents\visual studio 2012\Projects\CuboRubik\CuboRubik\Debug\CL.write.1.tlog
C:\Users\Pascu\documents\visual studio 2012\Projects\CuboRubik\CuboRubik\Debug\link-cvtres.read.1.tlog
C:\Users\Pascu\documents\visual studio 2012\Projects\CuboRubik\CuboRubik\Debug\link-cvtres.write.1.tlog
C:\Users\Pascu\documents\visual studio 2012\Projects\CuboRubik\CuboRubik\Debug\link-rc.read.1.tlog
C:\Users\Pascu\documents\visual studio 2012\Projects\CuboRubik\CuboRubik\Debug\link-rc.write.1.tlog
C:\Users\Pascu\documents\visual studio 2012\Projects\CuboRubik\CuboRubik\Debug\link.5256-cvtres.read.1.tlog
C:\Users\Pascu\documents\visual studio 2012\Projects\CuboRubik\CuboRubik\Debug\link.5256-cvtres.write.1.tlog
C:\Users\Pascu\documents\visual studio 2012\Projects\CuboRubik\CuboRubik\Debug\link.5256-rc.read.1.tlog
C:\Users\Pascu\documents\visual studio 2012\Projects\CuboRubik\CuboRubik\Debug\link.5256-rc.write.1.tlog
C:\Users\Pascu\documents\visual studio 2012\Projects\CuboRubik\CuboRubik\Debug\link.5256.read.1.tlog
C:\Users\Pascu\documents\visual studio 2012\Projects\CuboRubik\CuboRubik\Debug\link.5256.read.2.tlog
C:\Users\Pascu\documents\visual studio 2012\Projects\CuboRubik\CuboRubik\Debug\link.5256.write.1.tlog
C:\Users\Pascu\documents\visual studio 2012\Projects\CuboRubik\CuboRubik\Debug\link.command.1.tlog
C:\Users\Pascu\documents\visual studio 2012\Projects\CuboRubik\CuboRubik\Debug\link.read.1.tlog
C:\Users\Pascu\documents\visual studio 2012\Projects\CuboRubik\CuboRubik\Debug\link.read.2.tlog
C:\Users\Pascu\documents\visual studio 2012\Projects\CuboRubik\CuboRubik\Debug\link.write.1.tlog
C:\Users\Pascu\documents\visual studio 2012\Projects\CuboRubik\CuboRubik\Debug\vc110.idb
C:\Users\Pascu\documents\visual studio 2012\Projects\CuboRubik\CuboRubik\Debug\vc110.pdb
C:\Users\Pascu\documents\visual studio 2012\Projects\CuboRubik\Debug\CuboRubik.pdb
C:\Users\Pascu\documents\visual studio 2012\Projects\CuboRubik\Debug\CuboRubik.exe
C:\Users\Pascu\documents\visual studio 2012\Projects\CuboRubik\Debug\CuboRubik.ilk
