Compilazione avviata 28/04/2015 11:30:27.
     1>Progetto "C:\Users\Pascu\documents\visual studio 2012\Projects\CuboRubik\CuboRubik\CuboRubik.vcxproj" sul nodo 2 (destinazioni: Build).
     1>ClCompile:
         C:\Program Files (x86)\Microsoft Visual Studio 12.0\VC\bin\CL.exe /c /ZI /nologo /W3 /WX- /sdl /Od /Oy- /D WIN32 /D _DEBUG /D _CONSOLE /D _UNICODE /D UNICODE /Gm /EHsc /RTC1 /MDd /GS /fp:precise /Zc:wchar_t /Zc:forScope /Fo"Debug\\" /Fd"Debug\vc110.pdb" /Gd /TP /analyze- /errorReport:prompt Main.cpp
         Main.cpp
       Link:
         C:\Program Files (x86)\Microsoft Visual Studio 12.0\VC\bin\link.exe /ERRORREPORT:PROMPT /OUT:"C:\Users\Pascu\documents\visual studio 2012\Projects\CuboRubik\Debug\CuboRubik.exe" /INCREMENTAL /NOLOGO kernel32.lib user32.lib gdi32.lib winspool.lib comdlg32.lib advapi32.lib shell32.lib ole32.lib oleaut32.lib uuid.lib odbc32.lib odbccp32.lib /MANIFEST /MANIFESTUAC:"level='asInvoker' uiAccess='false'" /manifest:embed /DEBUG /PDB:"C:\Users\Pascu\documents\visual studio 2012\Projects\CuboRubik\Debug\CuboRubik.pdb" /SUBSYSTEM:CONSOLE /TLBID:1 /DYNAMICBASE /NXCOMPAT /IMPLIB:"C:\Users\Pascu\documents\visual studio 2012\Projects\CuboRubik\Debug\CuboRubik.lib" /MACHINE:X86 Debug\imageloader.obj
         Debug\Main.obj
     1>glui32.lib(algebra3.obj) : warning LNK4099: impossibile trovare il PDB '_glui library.pdb' con 'glui32.lib(algebra3.obj)' o in 'C:\Users\Pascu\documents\visual studio 2012\Projects\CuboRubik\Debug\_glui library.pdb'; oggetto collegato senza informazioni di debug
     1>glui32.lib(arcball.obj) : warning LNK4099: impossibile trovare il PDB '_glui library.pdb' con 'glui32.lib(arcball.obj)' o in 'C:\Users\Pascu\documents\visual studio 2012\Projects\CuboRubik\Debug\_glui library.pdb'; oggetto collegato senza informazioni di debug
     1>glui32.lib(glui.obj) : warning LNK4099: impossibile trovare il PDB '_glui library.pdb' con 'glui32.lib(glui.obj)' o in 'C:\Users\Pascu\documents\visual studio 2012\Projects\CuboRubik\Debug\_glui library.pdb'; oggetto collegato senza informazioni di debug
     1>glui32.lib(glui_add_controls.obj) : warning LNK4099: impossibile trovare il PDB '_glui library.pdb' con 'glui32.lib(glui_add_controls.obj)' o in 'C:\Users\Pascu\documents\visual studio 2012\Projects\CuboRubik\Debug\_glui library.pdb'; oggetto collegato senza informazioni di debug
     1>glui32.lib(glui_bitmap_img_data.obj) : warning LNK4099: impossibile trovare il PDB '_glui library.pdb' con 'glui32.lib(glui_bitmap_img_data.obj)' o in 'C:\Users\Pascu\documents\visual studio 2012\Projects\CuboRubik\Debug\_glui library.pdb'; oggetto collegato senza informazioni di debug
     1>glui32.lib(glui_bitmaps.obj) : warning LNK4099: impossibile trovare il PDB '_glui library.pdb' con 'glui32.lib(glui_bitmaps.obj)' o in 'C:\Users\Pascu\documents\visual studio 2012\Projects\CuboRubik\Debug\_glui library.pdb'; oggetto collegato senza informazioni di debug
     1>glui32.lib(glui_button.obj) : warning LNK4099: impossibile trovare il PDB '_glui library.pdb' con 'glui32.lib(glui_button.obj)' o in 'C:\Users\Pascu\documents\visual studio 2012\Projects\CuboRubik\Debug\_glui library.pdb'; oggetto collegato senza informazioni di debug
     1>glui32.lib(glui_checkbox.obj) : warning LNK4099: impossibile trovare il PDB '_glui library.pdb' con 'glui32.lib(glui_checkbox.obj)' o in 'C:\Users\Pascu\documents\visual studio 2012\Projects\CuboRubik\Debug\_glui library.pdb'; oggetto collegato senza informazioni di debug
     1>glui32.lib(glui_column.obj) : warning LNK4099: impossibile trovare il PDB '_glui library.pdb' con 'glui32.lib(glui_column.obj)' o in 'C:\Users\Pascu\documents\visual studio 2012\Projects\CuboRubik\Debug\_glui library.pdb'; oggetto collegato senza informazioni di debug
     1>glui32.lib(glui_control.obj) : warning LNK4099: impossibile trovare il PDB '_glui library.pdb' con 'glui32.lib(glui_control.obj)' o in 'C:\Users\Pascu\documents\visual studio 2012\Projects\CuboRubik\Debug\_glui library.pdb'; oggetto collegato senza informazioni di debug
     1>glui32.lib(glui_edittext.obj) : warning LNK4099: impossibile trovare il PDB '_glui library.pdb' con 'glui32.lib(glui_edittext.obj)' o in 'C:\Users\Pascu\documents\visual studio 2012\Projects\CuboRubik\Debug\_glui library.pdb'; oggetto collegato senza informazioni di debug
     1>glui32.lib(glui_listbox.obj) : warning LNK4099: impossibile trovare il PDB '_glui library.pdb' con 'glui32.lib(glui_listbox.obj)' o in 'C:\Users\Pascu\documents\visual studio 2012\Projects\CuboRubik\Debug\_glui library.pdb'; oggetto collegato senza informazioni di debug
     1>glui32.lib(glui_mouse_iaction.obj) : warning LNK4099: impossibile trovare il PDB '_glui library.pdb' con 'glui32.lib(glui_mouse_iaction.obj)' o in 'C:\Users\Pascu\documents\visual studio 2012\Projects\CuboRubik\Debug\_glui library.pdb'; oggetto collegato senza informazioni di debug
     1>glui32.lib(glui_node.obj) : warning LNK4099: impossibile trovare il PDB '_glui library.pdb' con 'glui32.lib(glui_node.obj)' o in 'C:\Users\Pascu\documents\visual studio 2012\Projects\CuboRubik\Debug\_glui library.pdb'; oggetto collegato senza informazioni di debug
     1>glui32.lib(glui_panel.obj) : warning LNK4099: impossibile trovare il PDB '_glui library.pdb' con 'glui32.lib(glui_panel.obj)' o in 'C:\Users\Pascu\documents\visual studio 2012\Projects\CuboRubik\Debug\_glui library.pdb'; oggetto collegato senza informazioni di debug
     1>glui32.lib(glui_radio.obj) : warning LNK4099: impossibile trovare il PDB '_glui library.pdb' con 'glui32.lib(glui_radio.obj)' o in 'C:\Users\Pascu\documents\visual studio 2012\Projects\CuboRubik\Debug\_glui library.pdb'; oggetto collegato senza informazioni di debug
     1>glui32.lib(glui_rollout.obj) : warning LNK4099: impossibile trovare il PDB '_glui library.pdb' con 'glui32.lib(glui_rollout.obj)' o in 'C:\Users\Pascu\documents\visual studio 2012\Projects\CuboRubik\Debug\_glui library.pdb'; oggetto collegato senza informazioni di debug
     1>glui32.lib(glui_rotation.obj) : warning LNK4099: impossibile trovare il PDB '_glui library.pdb' con 'glui32.lib(glui_rotation.obj)' o in 'C:\Users\Pascu\documents\visual studio 2012\Projects\CuboRubik\Debug\_glui library.pdb'; oggetto collegato senza informazioni di debug
     1>glui32.lib(glui_separator.obj) : warning LNK4099: impossibile trovare il PDB '_glui library.pdb' con 'glui32.lib(glui_separator.obj)' o in 'C:\Users\Pascu\documents\visual studio 2012\Projects\CuboRubik\Debug\_glui library.pdb'; oggetto collegato senza informazioni di debug
     1>glui32.lib(glui_spinner.obj) : warning LNK4099: impossibile trovare il PDB '_glui library.pdb' con 'glui32.lib(glui_spinner.obj)' o in 'C:\Users\Pascu\documents\visual studio 2012\Projects\CuboRubik\Debug\_glui library.pdb'; oggetto collegato senza informazioni di debug
     1>glui32.lib(glui_statictext.obj) : warning LNK4099: impossibile trovare il PDB '_glui library.pdb' con 'glui32.lib(glui_statictext.obj)' o in 'C:\Users\Pascu\documents\visual studio 2012\Projects\CuboRubik\Debug\_glui library.pdb'; oggetto collegato senza informazioni di debug
     1>glui32.lib(glui_string.obj) : warning LNK4099: impossibile trovare il PDB '_glui library.pdb' con 'glui32.lib(glui_string.obj)' o in 'C:\Users\Pascu\documents\visual studio 2012\Projects\CuboRubik\Debug\_glui library.pdb'; oggetto collegato senza informazioni di debug
     1>glui32.lib(glui_translation.obj) : warning LNK4099: impossibile trovare il PDB '_glui library.pdb' con 'glui32.lib(glui_translation.obj)' o in 'C:\Users\Pascu\documents\visual studio 2012\Projects\CuboRubik\Debug\_glui library.pdb'; oggetto collegato senza informazioni di debug
     1>glui32.lib(glui_window.obj) : warning LNK4099: impossibile trovare il PDB '_glui library.pdb' con 'glui32.lib(glui_window.obj)' o in 'C:\Users\Pascu\documents\visual studio 2012\Projects\CuboRubik\Debug\_glui library.pdb'; oggetto collegato senza informazioni di debug
     1>glui32.lib(quaternion.obj) : warning LNK4099: impossibile trovare il PDB '_glui library.pdb' con 'glui32.lib(quaternion.obj)' o in 'C:\Users\Pascu\documents\visual studio 2012\Projects\CuboRubik\Debug\_glui library.pdb'; oggetto collegato senza informazioni di debug
         CuboRubik.vcxproj -> C:\Users\Pascu\documents\visual studio 2012\Projects\CuboRubik\Debug\CuboRubik.exe
     1>Compilazione progetto "C:\Users\Pascu\documents\visual studio 2012\Projects\CuboRubik\CuboRubik\CuboRubik.vcxproj" (destinazioni: Build) completata.

Compilazione completata.

Tempo trascorso 00:00:06.71
